ERROR - 2024-05-06 04:30:02 --> Error connecting to the database: mysqli_sql_exception: No connection could be made because the target machine actively refused it in C:\xampp\htdocs\Pemrograman-Web-2\project-root\vendor\codeigniter4\framework\system\Database\MySQLi\Connection.php:185
Stack trace:
#0 C:\xampp\htdocs\Pemrograman-Web-2\project-root\vendor\codeigniter4\framework\system\Database\MySQLi\Connection.php(185): mysqli->real_connect('localhost', 'root', '', 'ci4', 3306, '', 0)
#1 C:\xampp\htdocs\Pemrograman-Web-2\project-root\vendor\codeigniter4\framework\system\Database\BaseConnection.php(392): CodeIgniter\Database\MySQLi\Connection->connect(false)
#2 C:\xampp\htdocs\Pemrograman-Web-2\project-root\vendor\codeigniter4\framework\system\Database\BaseConnection.php(575): CodeIgniter\Database\BaseConnection->initialize()
#3 C:\xampp\htdocs\Pemrograman-Web-2\project-root\vendor\codeigniter4\framework\system\Database\BaseBuilder.php(1616): CodeIgniter\Database\BaseConnection->query('SELECT *\nFROM `...', Array, false)
#4 C:\xampp\htdocs\Pemrograman-Web-2\project-root\vendor\codeigniter4\framework\system\Model.php(242): CodeIgniter\Database\BaseBuilder->get()
#5 C:\xampp\htdocs\Pemrograman-Web-2\project-root\vendor\codeigniter4\framework\system\BaseModel.php(638): CodeIgniter\Model->doFindAll(0, 0)
#6 C:\xampp\htdocs\Pemrograman-Web-2\project-root\app\Models\BooksModel.php(15): CodeIgniter\BaseModel->findAll()
#7 C:\xampp\htdocs\Pemrograman-Web-2\project-root\app\Controllers\Books.php(18): App\Models\BooksModel->getBuku()
#8 C:\xampp\htdocs\Pemrograman-Web-2\project-root\vendor\codeigniter4\framework\system\CodeIgniter.php(941): App\Controllers\Books->index()
#9 C:\xampp\htdocs\Pemrograman-Web-2\project-root\vendor\codeigniter4\framework\system\CodeIgniter.php(502): CodeIgniter\CodeIgniter->runController(Object(App\Controllers\Books))
#10 C:\xampp\htdocs\Pemrograman-Web-2\project-root\vendor\codeigniter4\framework\system\CodeIgniter.php(361): CodeIgniter\CodeIgniter->handleRequest(NULL, Object(Config\Cache), false)
#11 C:\xampp\htdocs\Pemrograman-Web-2\project-root\public\index.php(79): CodeIgniter\CodeIgniter->run()
#12 C:\xampp\htdocs\Pemrograman-Web-2\project-root\vendor\codeigniter4\framework\system\Commands\Server\rewrite.php(47): require_once('C:\\xampp\\htdocs...')
#13 {main}

Next CodeIgniter\Database\Exceptions\DatabaseException: No connection could be made because the target machine actively refused it in C:\xampp\htdocs\Pemrograman-Web-2\project-root\vendor\codeigniter4\framework\system\Database\MySQLi\Connection.php:229
Stack trace:
#0 C:\xampp\htdocs\Pemrograman-Web-2\project-root\vendor\codeigniter4\framework\system\Database\BaseConnection.php(392): CodeIgniter\Database\MySQLi\Connection->connect(false)
#1 C:\xampp\htdocs\Pemrograman-Web-2\project-root\vendor\codeigniter4\framework\system\Database\BaseConnection.php(575): CodeIgniter\Database\BaseConnection->initialize()
#2 C:\xampp\htdocs\Pemrograman-Web-2\project-root\vendor\codeigniter4\framework\system\Database\BaseBuilder.php(1616): CodeIgniter\Database\BaseConnection->query('SELECT *\nFROM `...', Array, false)
#3 C:\xampp\htdocs\Pemrograman-Web-2\project-root\vendor\codeigniter4\framework\system\Model.php(242): CodeIgniter\Database\BaseBuilder->get()
#4 C:\xampp\htdocs\Pemrograman-Web-2\project-root\vendor\codeigniter4\framework\system\BaseModel.php(638): CodeIgniter\Model->doFindAll(0, 0)
#5 C:\xampp\htdocs\Pemrograman-Web-2\project-root\app\Models\BooksModel.php(15): CodeIgniter\BaseModel->findAll()
#6 C:\xampp\htdocs\Pemrograman-Web-2\project-root\app\Controllers\Books.php(18): App\Models\BooksModel->getBuku()
#7 C:\xampp\htdocs\Pemrograman-Web-2\project-root\vendor\codeigniter4\framework\system\CodeIgniter.php(941): App\Controllers\Books->index()
#8 C:\xampp\htdocs\Pemrograman-Web-2\project-root\vendor\codeigniter4\framework\system\CodeIgniter.php(502): CodeIgniter\CodeIgniter->runController(Object(App\Controllers\Books))
#9 C:\xampp\htdocs\Pemrograman-Web-2\project-root\vendor\codeigniter4\framework\system\CodeIgniter.php(361): CodeIgniter\CodeIgniter->handleRequest(NULL, Object(Config\Cache), false)
#10 C:\xampp\htdocs\Pemrograman-Web-2\project-root\public\index.php(79): CodeIgniter\CodeIgniter->run()
#11 C:\xampp\htdocs\Pemrograman-Web-2\project-root\vendor\codeigniter4\framework\system\Commands\Server\rewrite.php(47): require_once('C:\\xampp\\htdocs...')
#12 {main}
CRITICAL - 2024-05-06 04:30:02 --> CodeIgniter\Database\Exceptions\DatabaseException: Unable to connect to the database.
Main connection [MySQLi]: No connection could be made because the target machine actively refused it
in SYSTEMPATH\Database\BaseConnection.php on line 428.
 1 SYSTEMPATH\Database\BaseConnection.php(575): CodeIgniter\Database\BaseConnection->initialize()
 2 SYSTEMPATH\Database\BaseBuilder.php(1616): CodeIgniter\Database\BaseConnection->query('SELECT *
FROM `books`', [], false)
 3 SYSTEMPATH\Model.php(242): CodeIgniter\Database\BaseBuilder->get()
 4 SYSTEMPATH\BaseModel.php(638): CodeIgniter\Model->doFindAll(0, 0)
 5 APPPATH\Models\BooksModel.php(15): CodeIgniter\BaseModel->findAll()
 6 APPPATH\Controllers\Books.php(18): App\Models\BooksModel->getBuku()
 7 SYSTEMPATH\CodeIgniter.php(941): App\Controllers\Books->index()
 8 SYSTEMPATH\CodeIgniter.php(502): CodeIgniter\CodeIgniter->runController(Object(App\Controllers\Books))
 9 SYSTEMPATH\CodeIgniter.php(361): CodeIgniter\CodeIgniter->handleRequest(null, Object(Config\Cache), false)
10 FCPATH\index.php(79): CodeIgniter\CodeIgniter->run()
11 SYSTEMPATH\Commands\Server\rewrite.php(47): require_once('C:\\xampp\\htdocs\\Pemrograman-Web-2\\project-root\\public\\index.php')
ERROR - 2024-05-06 04:30:07 --> Error connecting to the database: mysqli_sql_exception: No connection could be made because the target machine actively refused it in C:\xampp\htdocs\Pemrograman-Web-2\project-root\vendor\codeigniter4\framework\system\Database\MySQLi\Connection.php:185
Stack trace:
#0 C:\xampp\htdocs\Pemrograman-Web-2\project-root\vendor\codeigniter4\framework\system\Database\MySQLi\Connection.php(185): mysqli->real_connect('localhost', 'root', '', 'ci4', 3306, '', 0)
#1 C:\xampp\htdocs\Pemrograman-Web-2\project-root\vendor\codeigniter4\framework\system\Database\BaseConnection.php(392): CodeIgniter\Database\MySQLi\Connection->connect(false)
#2 C:\xampp\htdocs\Pemrograman-Web-2\project-root\vendor\codeigniter4\framework\system\Database\BaseConnection.php(575): CodeIgniter\Database\BaseConnection->initialize()
#3 C:\xampp\htdocs\Pemrograman-Web-2\project-root\vendor\codeigniter4\framework\system\Database\BaseBuilder.php(1616): CodeIgniter\Database\BaseConnection->query('SELECT *\nFROM `...', Array, false)
#4 C:\xampp\htdocs\Pemrograman-Web-2\project-root\vendor\codeigniter4\framework\system\Model.php(242): CodeIgniter\Database\BaseBuilder->get()
#5 C:\xampp\htdocs\Pemrograman-Web-2\project-root\vendor\codeigniter4\framework\system\BaseModel.php(638): CodeIgniter\Model->doFindAll(0, 0)
#6 C:\xampp\htdocs\Pemrograman-Web-2\project-root\app\Models\BooksModel.php(15): CodeIgniter\BaseModel->findAll()
#7 C:\xampp\htdocs\Pemrograman-Web-2\project-root\app\Controllers\Books.php(18): App\Models\BooksModel->getBuku()
#8 C:\xampp\htdocs\Pemrograman-Web-2\project-root\vendor\codeigniter4\framework\system\CodeIgniter.php(941): App\Controllers\Books->index()
#9 C:\xampp\htdocs\Pemrograman-Web-2\project-root\vendor\codeigniter4\framework\system\CodeIgniter.php(502): CodeIgniter\CodeIgniter->runController(Object(App\Controllers\Books))
#10 C:\xampp\htdocs\Pemrograman-Web-2\project-root\vendor\codeigniter4\framework\system\CodeIgniter.php(361): CodeIgniter\CodeIgniter->handleRequest(NULL, Object(Config\Cache), false)
#11 C:\xampp\htdocs\Pemrograman-Web-2\project-root\public\index.php(79): CodeIgniter\CodeIgniter->run()
#12 C:\xampp\htdocs\Pemrograman-Web-2\project-root\vendor\codeigniter4\framework\system\Commands\Server\rewrite.php(47): require_once('C:\\xampp\\htdocs...')
#13 {main}

Next CodeIgniter\Database\Exceptions\DatabaseException: No connection could be made because the target machine actively refused it in C:\xampp\htdocs\Pemrograman-Web-2\project-root\vendor\codeigniter4\framework\system\Database\MySQLi\Connection.php:229
Stack trace:
#0 C:\xampp\htdocs\Pemrograman-Web-2\project-root\vendor\codeigniter4\framework\system\Database\BaseConnection.php(392): CodeIgniter\Database\MySQLi\Connection->connect(false)
#1 C:\xampp\htdocs\Pemrograman-Web-2\project-root\vendor\codeigniter4\framework\system\Database\BaseConnection.php(575): CodeIgniter\Database\BaseConnection->initialize()
#2 C:\xampp\htdocs\Pemrograman-Web-2\project-root\vendor\codeigniter4\framework\system\Database\BaseBuilder.php(1616): CodeIgniter\Database\BaseConnection->query('SELECT *\nFROM `...', Array, false)
#3 C:\xampp\htdocs\Pemrograman-Web-2\project-root\vendor\codeigniter4\framework\system\Model.php(242): CodeIgniter\Database\BaseBuilder->get()
#4 C:\xampp\htdocs\Pemrograman-Web-2\project-root\vendor\codeigniter4\framework\system\BaseModel.php(638): CodeIgniter\Model->doFindAll(0, 0)
#5 C:\xampp\htdocs\Pemrograman-Web-2\project-root\app\Models\BooksModel.php(15): CodeIgniter\BaseModel->findAll()
#6 C:\xampp\htdocs\Pemrograman-Web-2\project-root\app\Controllers\Books.php(18): App\Models\BooksModel->getBuku()
#7 C:\xampp\htdocs\Pemrograman-Web-2\project-root\vendor\codeigniter4\framework\system\CodeIgniter.php(941): App\Controllers\Books->index()
#8 C:\xampp\htdocs\Pemrograman-Web-2\project-root\vendor\codeigniter4\framework\system\CodeIgniter.php(502): CodeIgniter\CodeIgniter->runController(Object(App\Controllers\Books))
#9 C:\xampp\htdocs\Pemrograman-Web-2\project-root\vendor\codeigniter4\framework\system\CodeIgniter.php(361): CodeIgniter\CodeIgniter->handleRequest(NULL, Object(Config\Cache), false)
#10 C:\xampp\htdocs\Pemrograman-Web-2\project-root\public\index.php(79): CodeIgniter\CodeIgniter->run()
#11 C:\xampp\htdocs\Pemrograman-Web-2\project-root\vendor\codeigniter4\framework\system\Commands\Server\rewrite.php(47): require_once('C:\\xampp\\htdocs...')
#12 {main}
CRITICAL - 2024-05-06 04:30:07 --> CodeIgniter\Database\Exceptions\DatabaseException: Unable to connect to the database.
Main connection [MySQLi]: No connection could be made because the target machine actively refused it
in SYSTEMPATH\Database\BaseConnection.php on line 428.
 1 SYSTEMPATH\Database\BaseConnection.php(575): CodeIgniter\Database\BaseConnection->initialize()
 2 SYSTEMPATH\Database\BaseBuilder.php(1616): CodeIgniter\Database\BaseConnection->query('SELECT *
FROM `books`', [], false)
 3 SYSTEMPATH\Model.php(242): CodeIgniter\Database\BaseBuilder->get()
 4 SYSTEMPATH\BaseModel.php(638): CodeIgniter\Model->doFindAll(0, 0)
 5 APPPATH\Models\BooksModel.php(15): CodeIgniter\BaseModel->findAll()
 6 APPPATH\Controllers\Books.php(18): App\Models\BooksModel->getBuku()
 7 SYSTEMPATH\CodeIgniter.php(941): App\Controllers\Books->index()
 8 SYSTEMPATH\CodeIgniter.php(502): CodeIgniter\CodeIgniter->runController(Object(App\Controllers\Books))
 9 SYSTEMPATH\CodeIgniter.php(361): CodeIgniter\CodeIgniter->handleRequest(null, Object(Config\Cache), false)
10 FCPATH\index.php(79): CodeIgniter\CodeIgniter->run()
11 SYSTEMPATH\Commands\Server\rewrite.php(47): require_once('C:\\xampp\\htdocs\\Pemrograman-Web-2\\project-root\\public\\index.php')
INFO - 2024-05-06 05:15:30 --> Session: Class initialized using 'CodeIgniter\Session\Handlers\FileHandler' driver.
INFO - 2024-05-06 05:15:42 --> Session: Class initialized using 'CodeIgniter\Session\Handlers\FileHandler' driver.
INFO - 2024-05-06 05:15:42 --> Session: Class initialized using 'CodeIgniter\Session\Handlers\FileHandler' driver.
INFO - 2024-05-06 05:15:43 --> Session: Class initialized using 'CodeIgniter\Session\Handlers\FileHandler' driver.
INFO - 2024-05-06 05:17:13 --> Session: Class initialized using 'CodeIgniter\Session\Handlers\FileHandler' driver.
INFO - 2024-05-06 05:17:13 --> Session: Class initialized using 'CodeIgniter\Session\Handlers\FileHandler' driver.
INFO - 2024-05-06 05:17:14 --> Session: Class initialized using 'CodeIgniter\Session\Handlers\FileHandler' driver.
CRITICAL - 2024-05-06 05:17:15 --> ErrorException: Undefined variable $crsf_field
in APPPATH\Views\books\create.php on line 9.
 1 APPPATH\Views\books\create.php(9): CodeIgniter\Debug\Exceptions->errorHandler(2, 'Undefined variable $crsf_field', 'C:\\xampp\\htdocs\\Pemrograman-Web-2\\project-root\\app\\Views\\books\\create.php', 9)
 2 SYSTEMPATH\View\View.php(228): include('C:\\xampp\\htdocs\\Pemrograman-Web-2\\project-root\\app\\Views\\books\\create.php')
 3 SYSTEMPATH\View\View.php(231): CodeIgniter\View\View->CodeIgniter\View\{closure}()
 4 SYSTEMPATH\Common.php(1178): CodeIgniter\View\View->render('books/create', [], true)
 5 APPPATH\Controllers\Books.php(49): view('books/create', [...])
 6 SYSTEMPATH\CodeIgniter.php(941): App\Controllers\Books->create()
 7 SYSTEMPATH\CodeIgniter.php(502): CodeIgniter\CodeIgniter->runController(Object(App\Controllers\Books))
 8 SYSTEMPATH\CodeIgniter.php(361): CodeIgniter\CodeIgniter->handleRequest(null, Object(Config\Cache), false)
 9 FCPATH\index.php(79): CodeIgniter\CodeIgniter->run()
10 SYSTEMPATH\Commands\Server\rewrite.php(47): require_once('C:\\xampp\\htdocs\\Pemrograman-Web-2\\project-root\\public\\index.php')
INFO - 2024-05-06 05:18:35 --> Session: Class initialized using 'CodeIgniter\Session\Handlers\FileHandler' driver.
INFO - 2024-05-06 05:18:35 --> Session: Class initialized using 'CodeIgniter\Session\Handlers\FileHandler' driver.
CRITICAL - 2024-05-06 05:18:37 --> ErrorException: Undefined variable $csrf_field
in APPPATH\Views\books\create.php on line 9.
 1 APPPATH\Views\books\create.php(9): CodeIgniter\Debug\Exceptions->errorHandler(2, 'Undefined variable $csrf_field', 'C:\\xampp\\htdocs\\Pemrograman-Web-2\\project-root\\app\\Views\\books\\create.php', 9)
 2 SYSTEMPATH\View\View.php(228): include('C:\\xampp\\htdocs\\Pemrograman-Web-2\\project-root\\app\\Views\\books\\create.php')
 3 SYSTEMPATH\View\View.php(231): CodeIgniter\View\View->CodeIgniter\View\{closure}()
 4 SYSTEMPATH\Common.php(1178): CodeIgniter\View\View->render('books/create', [], true)
 5 APPPATH\Controllers\Books.php(49): view('books/create', [...])
 6 SYSTEMPATH\CodeIgniter.php(941): App\Controllers\Books->create()
 7 SYSTEMPATH\CodeIgniter.php(502): CodeIgniter\CodeIgniter->runController(Object(App\Controllers\Books))
 8 SYSTEMPATH\CodeIgniter.php(361): CodeIgniter\CodeIgniter->handleRequest(null, Object(Config\Cache), false)
 9 FCPATH\index.php(79): CodeIgniter\CodeIgniter->run()
10 SYSTEMPATH\Commands\Server\rewrite.php(47): require_once('C:\\xampp\\htdocs\\Pemrograman-Web-2\\project-root\\public\\index.php')
CRITICAL - 2024-05-06 05:18:39 --> ErrorException: Undefined variable $csrf_field
in APPPATH\Views\books\create.php on line 9.
 1 APPPATH\Views\books\create.php(9): CodeIgniter\Debug\Exceptions->errorHandler(2, 'Undefined variable $csrf_field', 'C:\\xampp\\htdocs\\Pemrograman-Web-2\\project-root\\app\\Views\\books\\create.php', 9)
 2 SYSTEMPATH\View\View.php(228): include('C:\\xampp\\htdocs\\Pemrograman-Web-2\\project-root\\app\\Views\\books\\create.php')
 3 SYSTEMPATH\View\View.php(231): CodeIgniter\View\View->CodeIgniter\View\{closure}()
 4 SYSTEMPATH\Common.php(1178): CodeIgniter\View\View->render('books/create', [], true)
 5 APPPATH\Controllers\Books.php(49): view('books/create', [...])
 6 SYSTEMPATH\CodeIgniter.php(941): App\Controllers\Books->create()
 7 SYSTEMPATH\CodeIgniter.php(502): CodeIgniter\CodeIgniter->runController(Object(App\Controllers\Books))
 8 SYSTEMPATH\CodeIgniter.php(361): CodeIgniter\CodeIgniter->handleRequest(null, Object(Config\Cache), false)
 9 FCPATH\index.php(79): CodeIgniter\CodeIgniter->run()
10 SYSTEMPATH\Commands\Server\rewrite.php(47): require_once('C:\\xampp\\htdocs\\Pemrograman-Web-2\\project-root\\public\\index.php')
CRITICAL - 2024-05-06 05:18:40 --> ErrorException: Undefined variable $csrf_field
in APPPATH\Views\books\create.php on line 9.
 1 APPPATH\Views\books\create.php(9): CodeIgniter\Debug\Exceptions->errorHandler(2, 'Undefined variable $csrf_field', 'C:\\xampp\\htdocs\\Pemrograman-Web-2\\project-root\\app\\Views\\books\\create.php', 9)
 2 SYSTEMPATH\View\View.php(228): include('C:\\xampp\\htdocs\\Pemrograman-Web-2\\project-root\\app\\Views\\books\\create.php')
 3 SYSTEMPATH\View\View.php(231): CodeIgniter\View\View->CodeIgniter\View\{closure}()
 4 SYSTEMPATH\Common.php(1178): CodeIgniter\View\View->render('books/create', [], true)
 5 APPPATH\Controllers\Books.php(49): view('books/create', [...])
 6 SYSTEMPATH\CodeIgniter.php(941): App\Controllers\Books->create()
 7 SYSTEMPATH\CodeIgniter.php(502): CodeIgniter\CodeIgniter->runController(Object(App\Controllers\Books))
 8 SYSTEMPATH\CodeIgniter.php(361): CodeIgniter\CodeIgniter->handleRequest(null, Object(Config\Cache), false)
 9 FCPATH\index.php(79): CodeIgniter\CodeIgniter->run()
10 SYSTEMPATH\Commands\Server\rewrite.php(47): require_once('C:\\xampp\\htdocs\\Pemrograman-Web-2\\project-root\\public\\index.php')
CRITICAL - 2024-05-06 05:18:40 --> ErrorException: Undefined variable $csrf_field
in APPPATH\Views\books\create.php on line 9.
 1 APPPATH\Views\books\create.php(9): CodeIgniter\Debug\Exceptions->errorHandler(2, 'Undefined variable $csrf_field', 'C:\\xampp\\htdocs\\Pemrograman-Web-2\\project-root\\app\\Views\\books\\create.php', 9)
 2 SYSTEMPATH\View\View.php(228): include('C:\\xampp\\htdocs\\Pemrograman-Web-2\\project-root\\app\\Views\\books\\create.php')
 3 SYSTEMPATH\View\View.php(231): CodeIgniter\View\View->CodeIgniter\View\{closure}()
 4 SYSTEMPATH\Common.php(1178): CodeIgniter\View\View->render('books/create', [], true)
 5 APPPATH\Controllers\Books.php(49): view('books/create', [...])
 6 SYSTEMPATH\CodeIgniter.php(941): App\Controllers\Books->create()
 7 SYSTEMPATH\CodeIgniter.php(502): CodeIgniter\CodeIgniter->runController(Object(App\Controllers\Books))
 8 SYSTEMPATH\CodeIgniter.php(361): CodeIgniter\CodeIgniter->handleRequest(null, Object(Config\Cache), false)
 9 FCPATH\index.php(79): CodeIgniter\CodeIgniter->run()
10 SYSTEMPATH\Commands\Server\rewrite.php(47): require_once('C:\\xampp\\htdocs\\Pemrograman-Web-2\\project-root\\public\\index.php')
CRITICAL - 2024-05-06 05:18:40 --> ErrorException: Undefined variable $csrf_field
in APPPATH\Views\books\create.php on line 9.
 1 APPPATH\Views\books\create.php(9): CodeIgniter\Debug\Exceptions->errorHandler(2, 'Undefined variable $csrf_field', 'C:\\xampp\\htdocs\\Pemrograman-Web-2\\project-root\\app\\Views\\books\\create.php', 9)
 2 SYSTEMPATH\View\View.php(228): include('C:\\xampp\\htdocs\\Pemrograman-Web-2\\project-root\\app\\Views\\books\\create.php')
 3 SYSTEMPATH\View\View.php(231): CodeIgniter\View\View->CodeIgniter\View\{closure}()
 4 SYSTEMPATH\Common.php(1178): CodeIgniter\View\View->render('books/create', [], true)
 5 APPPATH\Controllers\Books.php(49): view('books/create', [...])
 6 SYSTEMPATH\CodeIgniter.php(941): App\Controllers\Books->create()
 7 SYSTEMPATH\CodeIgniter.php(502): CodeIgniter\CodeIgniter->runController(Object(App\Controllers\Books))
 8 SYSTEMPATH\CodeIgniter.php(361): CodeIgniter\CodeIgniter->handleRequest(null, Object(Config\Cache), false)
 9 FCPATH\index.php(79): CodeIgniter\CodeIgniter->run()
10 SYSTEMPATH\Commands\Server\rewrite.php(47): require_once('C:\\xampp\\htdocs\\Pemrograman-Web-2\\project-root\\public\\index.php')
CRITICAL - 2024-05-06 05:18:41 --> ErrorException: Undefined variable $csrf_field
in APPPATH\Views\books\create.php on line 9.
 1 APPPATH\Views\books\create.php(9): CodeIgniter\Debug\Exceptions->errorHandler(2, 'Undefined variable $csrf_field', 'C:\\xampp\\htdocs\\Pemrograman-Web-2\\project-root\\app\\Views\\books\\create.php', 9)
 2 SYSTEMPATH\View\View.php(228): include('C:\\xampp\\htdocs\\Pemrograman-Web-2\\project-root\\app\\Views\\books\\create.php')
 3 SYSTEMPATH\View\View.php(231): CodeIgniter\View\View->CodeIgniter\View\{closure}()
 4 SYSTEMPATH\Common.php(1178): CodeIgniter\View\View->render('books/create', [], true)
 5 APPPATH\Controllers\Books.php(49): view('books/create', [...])
 6 SYSTEMPATH\CodeIgniter.php(941): App\Controllers\Books->create()
 7 SYSTEMPATH\CodeIgniter.php(502): CodeIgniter\CodeIgniter->runController(Object(App\Controllers\Books))
 8 SYSTEMPATH\CodeIgniter.php(361): CodeIgniter\CodeIgniter->handleRequest(null, Object(Config\Cache), false)
 9 FCPATH\index.php(79): CodeIgniter\CodeIgniter->run()
10 SYSTEMPATH\Commands\Server\rewrite.php(47): require_once('C:\\xampp\\htdocs\\Pemrograman-Web-2\\project-root\\public\\index.php')
CRITICAL - 2024-05-06 05:18:41 --> ErrorException: Undefined variable $csrf_field
in APPPATH\Views\books\create.php on line 9.
 1 APPPATH\Views\books\create.php(9): CodeIgniter\Debug\Exceptions->errorHandler(2, 'Undefined variable $csrf_field', 'C:\\xampp\\htdocs\\Pemrograman-Web-2\\project-root\\app\\Views\\books\\create.php', 9)
 2 SYSTEMPATH\View\View.php(228): include('C:\\xampp\\htdocs\\Pemrograman-Web-2\\project-root\\app\\Views\\books\\create.php')
 3 SYSTEMPATH\View\View.php(231): CodeIgniter\View\View->CodeIgniter\View\{closure}()
 4 SYSTEMPATH\Common.php(1178): CodeIgniter\View\View->render('books/create', [], true)
 5 APPPATH\Controllers\Books.php(49): view('books/create', [...])
 6 SYSTEMPATH\CodeIgniter.php(941): App\Controllers\Books->create()
 7 SYSTEMPATH\CodeIgniter.php(502): CodeIgniter\CodeIgniter->runController(Object(App\Controllers\Books))
 8 SYSTEMPATH\CodeIgniter.php(361): CodeIgniter\CodeIgniter->handleRequest(null, Object(Config\Cache), false)
 9 FCPATH\index.php(79): CodeIgniter\CodeIgniter->run()
10 SYSTEMPATH\Commands\Server\rewrite.php(47): require_once('C:\\xampp\\htdocs\\Pemrograman-Web-2\\project-root\\public\\index.php')
INFO - 2024-05-06 05:19:03 --> Session: Class initialized using 'CodeIgniter\Session\Handlers\FileHandler' driver.
INFO - 2024-05-06 05:19:04 --> Session: Class initialized using 'CodeIgniter\Session\Handlers\FileHandler' driver.
INFO - 2024-05-06 05:19:17 --> Session: Class initialized using 'CodeIgniter\Session\Handlers\FileHandler' driver.
CRITICAL - 2024-05-06 05:19:24 --> ErrorException: Undefined variable $csrf_field
in APPPATH\Views\books\create.php on line 9.
 1 APPPATH\Views\books\create.php(9): CodeIgniter\Debug\Exceptions->errorHandler(2, 'Undefined variable $csrf_field', 'C:\\xampp\\htdocs\\Pemrograman-Web-2\\project-root\\app\\Views\\books\\create.php', 9)
 2 SYSTEMPATH\View\View.php(228): include('C:\\xampp\\htdocs\\Pemrograman-Web-2\\project-root\\app\\Views\\books\\create.php')
 3 SYSTEMPATH\View\View.php(231): CodeIgniter\View\View->CodeIgniter\View\{closure}()
 4 SYSTEMPATH\Common.php(1178): CodeIgniter\View\View->render('books/create', [], true)
 5 APPPATH\Controllers\Books.php(49): view('books/create', [...])
 6 SYSTEMPATH\CodeIgniter.php(941): App\Controllers\Books->create()
 7 SYSTEMPATH\CodeIgniter.php(502): CodeIgniter\CodeIgniter->runController(Object(App\Controllers\Books))
 8 SYSTEMPATH\CodeIgniter.php(361): CodeIgniter\CodeIgniter->handleRequest(null, Object(Config\Cache), false)
 9 FCPATH\index.php(79): CodeIgniter\CodeIgniter->run()
10 SYSTEMPATH\Commands\Server\rewrite.php(47): require_once('C:\\xampp\\htdocs\\Pemrograman-Web-2\\project-root\\public\\index.php')
INFO - 2024-05-06 05:21:20 --> Session: Class initialized using 'CodeIgniter\Session\Handlers\FileHandler' driver.
INFO - 2024-05-06 05:21:21 --> Session: Class initialized using 'CodeIgniter\Session\Handlers\FileHandler' driver.
INFO - 2024-05-06 05:21:21 --> Session: Class initialized using 'CodeIgniter\Session\Handlers\FileHandler' driver.
CRITICAL - 2024-05-06 05:21:22 --> ErrorException: Undefined variable $csrf_field
in APPPATH\Views\books\create.php on line 9.
 1 APPPATH\Views\books\create.php(9): CodeIgniter\Debug\Exceptions->errorHandler(2, 'Undefined variable $csrf_field', 'C:\\xampp\\htdocs\\Pemrograman-Web-2\\project-root\\app\\Views\\books\\create.php', 9)
 2 SYSTEMPATH\View\View.php(228): include('C:\\xampp\\htdocs\\Pemrograman-Web-2\\project-root\\app\\Views\\books\\create.php')
 3 SYSTEMPATH\View\View.php(231): CodeIgniter\View\View->CodeIgniter\View\{closure}()
 4 SYSTEMPATH\Common.php(1178): CodeIgniter\View\View->render('books/create', [], true)
 5 APPPATH\Controllers\Books.php(49): view('books/create', [...])
 6 SYSTEMPATH\CodeIgniter.php(941): App\Controllers\Books->create()
 7 SYSTEMPATH\CodeIgniter.php(502): CodeIgniter\CodeIgniter->runController(Object(App\Controllers\Books))
 8 SYSTEMPATH\CodeIgniter.php(361): CodeIgniter\CodeIgniter->handleRequest(null, Object(Config\Cache), false)
 9 FCPATH\index.php(79): CodeIgniter\CodeIgniter->run()
10 SYSTEMPATH\Commands\Server\rewrite.php(47): require_once('C:\\xampp\\htdocs\\Pemrograman-Web-2\\project-root\\public\\index.php')
CRITICAL - 2024-05-06 05:27:02 --> ErrorException: Undefined variable $csrf_field
in APPPATH\Views\books\create.php on line 9.
 1 APPPATH\Views\books\create.php(9): CodeIgniter\Debug\Exceptions->errorHandler(2, 'Undefined variable $csrf_field', 'C:\\xampp\\htdocs\\Pemrograman-Web-2\\project-root\\app\\Views\\books\\create.php', 9)
 2 SYSTEMPATH\View\View.php(228): include('C:\\xampp\\htdocs\\Pemrograman-Web-2\\project-root\\app\\Views\\books\\create.php')
 3 SYSTEMPATH\View\View.php(231): CodeIgniter\View\View->CodeIgniter\View\{closure}()
 4 SYSTEMPATH\Common.php(1178): CodeIgniter\View\View->render('books/create', [], true)
 5 APPPATH\Controllers\Books.php(49): view('books/create', [...])
 6 SYSTEMPATH\CodeIgniter.php(941): App\Controllers\Books->create()
 7 SYSTEMPATH\CodeIgniter.php(502): CodeIgniter\CodeIgniter->runController(Object(App\Controllers\Books))
 8 SYSTEMPATH\CodeIgniter.php(361): CodeIgniter\CodeIgniter->handleRequest(null, Object(Config\Cache), false)
 9 FCPATH\index.php(79): CodeIgniter\CodeIgniter->run()
10 SYSTEMPATH\Commands\Server\rewrite.php(47): require_once('C:\\xampp\\htdocs\\Pemrograman-Web-2\\project-root\\public\\index.php')
CRITICAL - 2024-05-06 05:27:03 --> ErrorException: Undefined variable $csrf_field
in APPPATH\Views\books\create.php on line 9.
 1 APPPATH\Views\books\create.php(9): CodeIgniter\Debug\Exceptions->errorHandler(2, 'Undefined variable $csrf_field', 'C:\\xampp\\htdocs\\Pemrograman-Web-2\\project-root\\app\\Views\\books\\create.php', 9)
 2 SYSTEMPATH\View\View.php(228): include('C:\\xampp\\htdocs\\Pemrograman-Web-2\\project-root\\app\\Views\\books\\create.php')
 3 SYSTEMPATH\View\View.php(231): CodeIgniter\View\View->CodeIgniter\View\{closure}()
 4 SYSTEMPATH\Common.php(1178): CodeIgniter\View\View->render('books/create', [], true)
 5 APPPATH\Controllers\Books.php(49): view('books/create', [...])
 6 SYSTEMPATH\CodeIgniter.php(941): App\Controllers\Books->create()
 7 SYSTEMPATH\CodeIgniter.php(502): CodeIgniter\CodeIgniter->runController(Object(App\Controllers\Books))
 8 SYSTEMPATH\CodeIgniter.php(361): CodeIgniter\CodeIgniter->handleRequest(null, Object(Config\Cache), false)
 9 FCPATH\index.php(79): CodeIgniter\CodeIgniter->run()
10 SYSTEMPATH\Commands\Server\rewrite.php(47): require_once('C:\\xampp\\htdocs\\Pemrograman-Web-2\\project-root\\public\\index.php')
CRITICAL - 2024-05-06 05:27:03 --> ErrorException: Undefined variable $csrf_field
in APPPATH\Views\books\create.php on line 9.
 1 APPPATH\Views\books\create.php(9): CodeIgniter\Debug\Exceptions->errorHandler(2, 'Undefined variable $csrf_field', 'C:\\xampp\\htdocs\\Pemrograman-Web-2\\project-root\\app\\Views\\books\\create.php', 9)
 2 SYSTEMPATH\View\View.php(228): include('C:\\xampp\\htdocs\\Pemrograman-Web-2\\project-root\\app\\Views\\books\\create.php')
 3 SYSTEMPATH\View\View.php(231): CodeIgniter\View\View->CodeIgniter\View\{closure}()
 4 SYSTEMPATH\Common.php(1178): CodeIgniter\View\View->render('books/create', [], true)
 5 APPPATH\Controllers\Books.php(49): view('books/create', [...])
 6 SYSTEMPATH\CodeIgniter.php(941): App\Controllers\Books->create()
 7 SYSTEMPATH\CodeIgniter.php(502): CodeIgniter\CodeIgniter->runController(Object(App\Controllers\Books))
 8 SYSTEMPATH\CodeIgniter.php(361): CodeIgniter\CodeIgniter->handleRequest(null, Object(Config\Cache), false)
 9 FCPATH\index.php(79): CodeIgniter\CodeIgniter->run()
10 SYSTEMPATH\Commands\Server\rewrite.php(47): require_once('C:\\xampp\\htdocs\\Pemrograman-Web-2\\project-root\\public\\index.php')
CRITICAL - 2024-05-06 05:27:03 --> ErrorException: Undefined variable $csrf_field
in APPPATH\Views\books\create.php on line 9.
 1 APPPATH\Views\books\create.php(9): CodeIgniter\Debug\Exceptions->errorHandler(2, 'Undefined variable $csrf_field', 'C:\\xampp\\htdocs\\Pemrograman-Web-2\\project-root\\app\\Views\\books\\create.php', 9)
 2 SYSTEMPATH\View\View.php(228): include('C:\\xampp\\htdocs\\Pemrograman-Web-2\\project-root\\app\\Views\\books\\create.php')
 3 SYSTEMPATH\View\View.php(231): CodeIgniter\View\View->CodeIgniter\View\{closure}()
 4 SYSTEMPATH\Common.php(1178): CodeIgniter\View\View->render('books/create', [], true)
 5 APPPATH\Controllers\Books.php(49): view('books/create', [...])
 6 SYSTEMPATH\CodeIgniter.php(941): App\Controllers\Books->create()
 7 SYSTEMPATH\CodeIgniter.php(502): CodeIgniter\CodeIgniter->runController(Object(App\Controllers\Books))
 8 SYSTEMPATH\CodeIgniter.php(361): CodeIgniter\CodeIgniter->handleRequest(null, Object(Config\Cache), false)
 9 FCPATH\index.php(79): CodeIgniter\CodeIgniter->run()
10 SYSTEMPATH\Commands\Server\rewrite.php(47): require_once('C:\\xampp\\htdocs\\Pemrograman-Web-2\\project-root\\public\\index.php')
CRITICAL - 2024-05-06 05:27:03 --> ErrorException: Undefined variable $csrf_field
in APPPATH\Views\books\create.php on line 9.
 1 APPPATH\Views\books\create.php(9): CodeIgniter\Debug\Exceptions->errorHandler(2, 'Undefined variable $csrf_field', 'C:\\xampp\\htdocs\\Pemrograman-Web-2\\project-root\\app\\Views\\books\\create.php', 9)
 2 SYSTEMPATH\View\View.php(228): include('C:\\xampp\\htdocs\\Pemrograman-Web-2\\project-root\\app\\Views\\books\\create.php')
 3 SYSTEMPATH\View\View.php(231): CodeIgniter\View\View->CodeIgniter\View\{closure}()
 4 SYSTEMPATH\Common.php(1178): CodeIgniter\View\View->render('books/create', [], true)
 5 APPPATH\Controllers\Books.php(49): view('books/create', [...])
 6 SYSTEMPATH\CodeIgniter.php(941): App\Controllers\Books->create()
 7 SYSTEMPATH\CodeIgniter.php(502): CodeIgniter\CodeIgniter->runController(Object(App\Controllers\Books))
 8 SYSTEMPATH\CodeIgniter.php(361): CodeIgniter\CodeIgniter->handleRequest(null, Object(Config\Cache), false)
 9 FCPATH\index.php(79): CodeIgniter\CodeIgniter->run()
10 SYSTEMPATH\Commands\Server\rewrite.php(47): require_once('C:\\xampp\\htdocs\\Pemrograman-Web-2\\project-root\\public\\index.php')
INFO - 2024-05-06 05:27:04 --> Session: Class initialized using 'CodeIgniter\Session\Handlers\FileHandler' driver.
INFO - 2024-05-06 05:27:05 --> Session: Class initialized using 'CodeIgniter\Session\Handlers\FileHandler' driver.
INFO - 2024-05-06 05:27:05 --> Session: Class initialized using 'CodeIgniter\Session\Handlers\FileHandler' driver.
INFO - 2024-05-06 05:27:05 --> Session: Class initialized using 'CodeIgniter\Session\Handlers\FileHandler' driver.
INFO - 2024-05-06 05:27:06 --> Session: Class initialized using 'CodeIgniter\Session\Handlers\FileHandler' driver.
INFO - 2024-05-06 05:27:06 --> Session: Class initialized using 'CodeIgniter\Session\Handlers\FileHandler' driver.
CRITICAL - 2024-05-06 05:27:06 --> ErrorException: Undefined variable $csrf_field
in APPPATH\Views\books\create.php on line 9.
 1 APPPATH\Views\books\create.php(9): CodeIgniter\Debug\Exceptions->errorHandler(2, 'Undefined variable $csrf_field', 'C:\\xampp\\htdocs\\Pemrograman-Web-2\\project-root\\app\\Views\\books\\create.php', 9)
 2 SYSTEMPATH\View\View.php(228): include('C:\\xampp\\htdocs\\Pemrograman-Web-2\\project-root\\app\\Views\\books\\create.php')
 3 SYSTEMPATH\View\View.php(231): CodeIgniter\View\View->CodeIgniter\View\{closure}()
 4 SYSTEMPATH\Common.php(1178): CodeIgniter\View\View->render('books/create', [], true)
 5 APPPATH\Controllers\Books.php(49): view('books/create', [...])
 6 SYSTEMPATH\CodeIgniter.php(941): App\Controllers\Books->create()
 7 SYSTEMPATH\CodeIgniter.php(502): CodeIgniter\CodeIgniter->runController(Object(App\Controllers\Books))
 8 SYSTEMPATH\CodeIgniter.php(361): CodeIgniter\CodeIgniter->handleRequest(null, Object(Config\Cache), false)
 9 FCPATH\index.php(79): CodeIgniter\CodeIgniter->run()
10 SYSTEMPATH\Commands\Server\rewrite.php(47): require_once('C:\\xampp\\htdocs\\Pemrograman-Web-2\\project-root\\public\\index.php')
CRITICAL - 2024-05-06 05:29:50 --> ErrorException: Undefined variable $csrf_field
in APPPATH\Views\books\create.php on line 9.
 1 APPPATH\Views\books\create.php(9): CodeIgniter\Debug\Exceptions->errorHandler(2, 'Undefined variable $csrf_field', 'C:\\xampp\\htdocs\\Pemrograman-Web-2\\project-root\\app\\Views\\books\\create.php', 9)
 2 SYSTEMPATH\View\View.php(228): include('C:\\xampp\\htdocs\\Pemrograman-Web-2\\project-root\\app\\Views\\books\\create.php')
 3 SYSTEMPATH\View\View.php(231): CodeIgniter\View\View->CodeIgniter\View\{closure}()
 4 SYSTEMPATH\Common.php(1178): CodeIgniter\View\View->render('books/create', [], true)
 5 APPPATH\Controllers\Books.php(49): view('books/create', [...])
 6 SYSTEMPATH\CodeIgniter.php(941): App\Controllers\Books->create()
 7 SYSTEMPATH\CodeIgniter.php(502): CodeIgniter\CodeIgniter->runController(Object(App\Controllers\Books))
 8 SYSTEMPATH\CodeIgniter.php(361): CodeIgniter\CodeIgniter->handleRequest(null, Object(Config\Cache), false)
 9 FCPATH\index.php(79): CodeIgniter\CodeIgniter->run()
10 SYSTEMPATH\Commands\Server\rewrite.php(47): require_once('C:\\xampp\\htdocs\\Pemrograman-Web-2\\project-root\\public\\index.php')
CRITICAL - 2024-05-06 05:29:51 --> ErrorException: Undefined variable $csrf_field
in APPPATH\Views\books\create.php on line 9.
 1 APPPATH\Views\books\create.php(9): CodeIgniter\Debug\Exceptions->errorHandler(2, 'Undefined variable $csrf_field', 'C:\\xampp\\htdocs\\Pemrograman-Web-2\\project-root\\app\\Views\\books\\create.php', 9)
 2 SYSTEMPATH\View\View.php(228): include('C:\\xampp\\htdocs\\Pemrograman-Web-2\\project-root\\app\\Views\\books\\create.php')
 3 SYSTEMPATH\View\View.php(231): CodeIgniter\View\View->CodeIgniter\View\{closure}()
 4 SYSTEMPATH\Common.php(1178): CodeIgniter\View\View->render('books/create', [], true)
 5 APPPATH\Controllers\Books.php(49): view('books/create', [...])
 6 SYSTEMPATH\CodeIgniter.php(941): App\Controllers\Books->create()
 7 SYSTEMPATH\CodeIgniter.php(502): CodeIgniter\CodeIgniter->runController(Object(App\Controllers\Books))
 8 SYSTEMPATH\CodeIgniter.php(361): CodeIgniter\CodeIgniter->handleRequest(null, Object(Config\Cache), false)
 9 FCPATH\index.php(79): CodeIgniter\CodeIgniter->run()
10 SYSTEMPATH\Commands\Server\rewrite.php(47): require_once('C:\\xampp\\htdocs\\Pemrograman-Web-2\\project-root\\public\\index.php')
CRITICAL - 2024-05-06 05:29:51 --> ErrorException: Undefined variable $csrf_field
in APPPATH\Views\books\create.php on line 9.
 1 APPPATH\Views\books\create.php(9): CodeIgniter\Debug\Exceptions->errorHandler(2, 'Undefined variable $csrf_field', 'C:\\xampp\\htdocs\\Pemrograman-Web-2\\project-root\\app\\Views\\books\\create.php', 9)
 2 SYSTEMPATH\View\View.php(228): include('C:\\xampp\\htdocs\\Pemrograman-Web-2\\project-root\\app\\Views\\books\\create.php')
 3 SYSTEMPATH\View\View.php(231): CodeIgniter\View\View->CodeIgniter\View\{closure}()
 4 SYSTEMPATH\Common.php(1178): CodeIgniter\View\View->render('books/create', [], true)
 5 APPPATH\Controllers\Books.php(49): view('books/create', [...])
 6 SYSTEMPATH\CodeIgniter.php(941): App\Controllers\Books->create()
 7 SYSTEMPATH\CodeIgniter.php(502): CodeIgniter\CodeIgniter->runController(Object(App\Controllers\Books))
 8 SYSTEMPATH\CodeIgniter.php(361): CodeIgniter\CodeIgniter->handleRequest(null, Object(Config\Cache), false)
 9 FCPATH\index.php(79): CodeIgniter\CodeIgniter->run()
10 SYSTEMPATH\Commands\Server\rewrite.php(47): require_once('C:\\xampp\\htdocs\\Pemrograman-Web-2\\project-root\\public\\index.php')
CRITICAL - 2024-05-06 05:29:51 --> ErrorException: Undefined variable $csrf_field
in APPPATH\Views\books\create.php on line 9.
 1 APPPATH\Views\books\create.php(9): CodeIgniter\Debug\Exceptions->errorHandler(2, 'Undefined variable $csrf_field', 'C:\\xampp\\htdocs\\Pemrograman-Web-2\\project-root\\app\\Views\\books\\create.php', 9)
 2 SYSTEMPATH\View\View.php(228): include('C:\\xampp\\htdocs\\Pemrograman-Web-2\\project-root\\app\\Views\\books\\create.php')
 3 SYSTEMPATH\View\View.php(231): CodeIgniter\View\View->CodeIgniter\View\{closure}()
 4 SYSTEMPATH\Common.php(1178): CodeIgniter\View\View->render('books/create', [], true)
 5 APPPATH\Controllers\Books.php(49): view('books/create', [...])
 6 SYSTEMPATH\CodeIgniter.php(941): App\Controllers\Books->create()
 7 SYSTEMPATH\CodeIgniter.php(502): CodeIgniter\CodeIgniter->runController(Object(App\Controllers\Books))
 8 SYSTEMPATH\CodeIgniter.php(361): CodeIgniter\CodeIgniter->handleRequest(null, Object(Config\Cache), false)
 9 FCPATH\index.php(79): CodeIgniter\CodeIgniter->run()
10 SYSTEMPATH\Commands\Server\rewrite.php(47): require_once('C:\\xampp\\htdocs\\Pemrograman-Web-2\\project-root\\public\\index.php')
CRITICAL - 2024-05-06 05:29:52 --> ErrorException: Undefined variable $csrf_field
in APPPATH\Views\books\create.php on line 9.
 1 APPPATH\Views\books\create.php(9): CodeIgniter\Debug\Exceptions->errorHandler(2, 'Undefined variable $csrf_field', 'C:\\xampp\\htdocs\\Pemrograman-Web-2\\project-root\\app\\Views\\books\\create.php', 9)
 2 SYSTEMPATH\View\View.php(228): include('C:\\xampp\\htdocs\\Pemrograman-Web-2\\project-root\\app\\Views\\books\\create.php')
 3 SYSTEMPATH\View\View.php(231): CodeIgniter\View\View->CodeIgniter\View\{closure}()
 4 SYSTEMPATH\Common.php(1178): CodeIgniter\View\View->render('books/create', [], true)
 5 APPPATH\Controllers\Books.php(49): view('books/create', [...])
 6 SYSTEMPATH\CodeIgniter.php(941): App\Controllers\Books->create()
 7 SYSTEMPATH\CodeIgniter.php(502): CodeIgniter\CodeIgniter->runController(Object(App\Controllers\Books))
 8 SYSTEMPATH\CodeIgniter.php(361): CodeIgniter\CodeIgniter->handleRequest(null, Object(Config\Cache), false)
 9 FCPATH\index.php(79): CodeIgniter\CodeIgniter->run()
10 SYSTEMPATH\Commands\Server\rewrite.php(47): require_once('C:\\xampp\\htdocs\\Pemrograman-Web-2\\project-root\\public\\index.php')
CRITICAL - 2024-05-06 05:29:52 --> ErrorException: Undefined variable $csrf_field
in APPPATH\Views\books\create.php on line 9.
 1 APPPATH\Views\books\create.php(9): CodeIgniter\Debug\Exceptions->errorHandler(2, 'Undefined variable $csrf_field', 'C:\\xampp\\htdocs\\Pemrograman-Web-2\\project-root\\app\\Views\\books\\create.php', 9)
 2 SYSTEMPATH\View\View.php(228): include('C:\\xampp\\htdocs\\Pemrograman-Web-2\\project-root\\app\\Views\\books\\create.php')
 3 SYSTEMPATH\View\View.php(231): CodeIgniter\View\View->CodeIgniter\View\{closure}()
 4 SYSTEMPATH\Common.php(1178): CodeIgniter\View\View->render('books/create', [], true)
 5 APPPATH\Controllers\Books.php(49): view('books/create', [...])
 6 SYSTEMPATH\CodeIgniter.php(941): App\Controllers\Books->create()
 7 SYSTEMPATH\CodeIgniter.php(502): CodeIgniter\CodeIgniter->runController(Object(App\Controllers\Books))
 8 SYSTEMPATH\CodeIgniter.php(361): CodeIgniter\CodeIgniter->handleRequest(null, Object(Config\Cache), false)
 9 FCPATH\index.php(79): CodeIgniter\CodeIgniter->run()
10 SYSTEMPATH\Commands\Server\rewrite.php(47): require_once('C:\\xampp\\htdocs\\Pemrograman-Web-2\\project-root\\public\\index.php')
CRITICAL - 2024-05-06 05:29:52 --> ErrorException: Undefined variable $csrf_field
in APPPATH\Views\books\create.php on line 9.
 1 APPPATH\Views\books\create.php(9): CodeIgniter\Debug\Exceptions->errorHandler(2, 'Undefined variable $csrf_field', 'C:\\xampp\\htdocs\\Pemrograman-Web-2\\project-root\\app\\Views\\books\\create.php', 9)
 2 SYSTEMPATH\View\View.php(228): include('C:\\xampp\\htdocs\\Pemrograman-Web-2\\project-root\\app\\Views\\books\\create.php')
 3 SYSTEMPATH\View\View.php(231): CodeIgniter\View\View->CodeIgniter\View\{closure}()
 4 SYSTEMPATH\Common.php(1178): CodeIgniter\View\View->render('books/create', [], true)
 5 APPPATH\Controllers\Books.php(49): view('books/create', [...])
 6 SYSTEMPATH\CodeIgniter.php(941): App\Controllers\Books->create()
 7 SYSTEMPATH\CodeIgniter.php(502): CodeIgniter\CodeIgniter->runController(Object(App\Controllers\Books))
 8 SYSTEMPATH\CodeIgniter.php(361): CodeIgniter\CodeIgniter->handleRequest(null, Object(Config\Cache), false)
 9 FCPATH\index.php(79): CodeIgniter\CodeIgniter->run()
10 SYSTEMPATH\Commands\Server\rewrite.php(47): require_once('C:\\xampp\\htdocs\\Pemrograman-Web-2\\project-root\\public\\index.php')
CRITICAL - 2024-05-06 05:29:52 --> ErrorException: Undefined variable $csrf_field
in APPPATH\Views\books\create.php on line 9.
 1 APPPATH\Views\books\create.php(9): CodeIgniter\Debug\Exceptions->errorHandler(2, 'Undefined variable $csrf_field', 'C:\\xampp\\htdocs\\Pemrograman-Web-2\\project-root\\app\\Views\\books\\create.php', 9)
 2 SYSTEMPATH\View\View.php(228): include('C:\\xampp\\htdocs\\Pemrograman-Web-2\\project-root\\app\\Views\\books\\create.php')
 3 SYSTEMPATH\View\View.php(231): CodeIgniter\View\View->CodeIgniter\View\{closure}()
 4 SYSTEMPATH\Common.php(1178): CodeIgniter\View\View->render('books/create', [], true)
 5 APPPATH\Controllers\Books.php(49): view('books/create', [...])
 6 SYSTEMPATH\CodeIgniter.php(941): App\Controllers\Books->create()
 7 SYSTEMPATH\CodeIgniter.php(502): CodeIgniter\CodeIgniter->runController(Object(App\Controllers\Books))
 8 SYSTEMPATH\CodeIgniter.php(361): CodeIgniter\CodeIgniter->handleRequest(null, Object(Config\Cache), false)
 9 FCPATH\index.php(79): CodeIgniter\CodeIgniter->run()
10 SYSTEMPATH\Commands\Server\rewrite.php(47): require_once('C:\\xampp\\htdocs\\Pemrograman-Web-2\\project-root\\public\\index.php')
CRITICAL - 2024-05-06 05:29:52 --> ErrorException: Undefined variable $csrf_field
in APPPATH\Views\books\create.php on line 9.
 1 APPPATH\Views\books\create.php(9): CodeIgniter\Debug\Exceptions->errorHandler(2, 'Undefined variable $csrf_field', 'C:\\xampp\\htdocs\\Pemrograman-Web-2\\project-root\\app\\Views\\books\\create.php', 9)
 2 SYSTEMPATH\View\View.php(228): include('C:\\xampp\\htdocs\\Pemrograman-Web-2\\project-root\\app\\Views\\books\\create.php')
 3 SYSTEMPATH\View\View.php(231): CodeIgniter\View\View->CodeIgniter\View\{closure}()
 4 SYSTEMPATH\Common.php(1178): CodeIgniter\View\View->render('books/create', [], true)
 5 APPPATH\Controllers\Books.php(49): view('books/create', [...])
 6 SYSTEMPATH\CodeIgniter.php(941): App\Controllers\Books->create()
 7 SYSTEMPATH\CodeIgniter.php(502): CodeIgniter\CodeIgniter->runController(Object(App\Controllers\Books))
 8 SYSTEMPATH\CodeIgniter.php(361): CodeIgniter\CodeIgniter->handleRequest(null, Object(Config\Cache), false)
 9 FCPATH\index.php(79): CodeIgniter\CodeIgniter->run()
10 SYSTEMPATH\Commands\Server\rewrite.php(47): require_once('C:\\xampp\\htdocs\\Pemrograman-Web-2\\project-root\\public\\index.php')
CRITICAL - 2024-05-06 05:29:52 --> ErrorException: Undefined variable $csrf_field
in APPPATH\Views\books\create.php on line 9.
 1 APPPATH\Views\books\create.php(9): CodeIgniter\Debug\Exceptions->errorHandler(2, 'Undefined variable $csrf_field', 'C:\\xampp\\htdocs\\Pemrograman-Web-2\\project-root\\app\\Views\\books\\create.php', 9)
 2 SYSTEMPATH\View\View.php(228): include('C:\\xampp\\htdocs\\Pemrograman-Web-2\\project-root\\app\\Views\\books\\create.php')
 3 SYSTEMPATH\View\View.php(231): CodeIgniter\View\View->CodeIgniter\View\{closure}()
 4 SYSTEMPATH\Common.php(1178): CodeIgniter\View\View->render('books/create', [], true)
 5 APPPATH\Controllers\Books.php(49): view('books/create', [...])
 6 SYSTEMPATH\CodeIgniter.php(941): App\Controllers\Books->create()
 7 SYSTEMPATH\CodeIgniter.php(502): CodeIgniter\CodeIgniter->runController(Object(App\Controllers\Books))
 8 SYSTEMPATH\CodeIgniter.php(361): CodeIgniter\CodeIgniter->handleRequest(null, Object(Config\Cache), false)
 9 FCPATH\index.php(79): CodeIgniter\CodeIgniter->run()
10 SYSTEMPATH\Commands\Server\rewrite.php(47): require_once('C:\\xampp\\htdocs\\Pemrograman-Web-2\\project-root\\public\\index.php')
CRITICAL - 2024-05-06 05:29:53 --> ErrorException: Undefined variable $csrf_field
in APPPATH\Views\books\create.php on line 9.
 1 APPPATH\Views\books\create.php(9): CodeIgniter\Debug\Exceptions->errorHandler(2, 'Undefined variable $csrf_field', 'C:\\xampp\\htdocs\\Pemrograman-Web-2\\project-root\\app\\Views\\books\\create.php', 9)
 2 SYSTEMPATH\View\View.php(228): include('C:\\xampp\\htdocs\\Pemrograman-Web-2\\project-root\\app\\Views\\books\\create.php')
 3 SYSTEMPATH\View\View.php(231): CodeIgniter\View\View->CodeIgniter\View\{closure}()
 4 SYSTEMPATH\Common.php(1178): CodeIgniter\View\View->render('books/create', [], true)
 5 APPPATH\Controllers\Books.php(49): view('books/create', [...])
 6 SYSTEMPATH\CodeIgniter.php(941): App\Controllers\Books->create()
 7 SYSTEMPATH\CodeIgniter.php(502): CodeIgniter\CodeIgniter->runController(Object(App\Controllers\Books))
 8 SYSTEMPATH\CodeIgniter.php(361): CodeIgniter\CodeIgniter->handleRequest(null, Object(Config\Cache), false)
 9 FCPATH\index.php(79): CodeIgniter\CodeIgniter->run()
10 SYSTEMPATH\Commands\Server\rewrite.php(47): require_once('C:\\xampp\\htdocs\\Pemrograman-Web-2\\project-root\\public\\index.php')
CRITICAL - 2024-05-06 05:29:53 --> ErrorException: Undefined variable $csrf_field
in APPPATH\Views\books\create.php on line 9.
 1 APPPATH\Views\books\create.php(9): CodeIgniter\Debug\Exceptions->errorHandler(2, 'Undefined variable $csrf_field', 'C:\\xampp\\htdocs\\Pemrograman-Web-2\\project-root\\app\\Views\\books\\create.php', 9)
 2 SYSTEMPATH\View\View.php(228): include('C:\\xampp\\htdocs\\Pemrograman-Web-2\\project-root\\app\\Views\\books\\create.php')
 3 SYSTEMPATH\View\View.php(231): CodeIgniter\View\View->CodeIgniter\View\{closure}()
 4 SYSTEMPATH\Common.php(1178): CodeIgniter\View\View->render('books/create', [], true)
 5 APPPATH\Controllers\Books.php(49): view('books/create', [...])
 6 SYSTEMPATH\CodeIgniter.php(941): App\Controllers\Books->create()
 7 SYSTEMPATH\CodeIgniter.php(502): CodeIgniter\CodeIgniter->runController(Object(App\Controllers\Books))
 8 SYSTEMPATH\CodeIgniter.php(361): CodeIgniter\CodeIgniter->handleRequest(null, Object(Config\Cache), false)
 9 FCPATH\index.php(79): CodeIgniter\CodeIgniter->run()
10 SYSTEMPATH\Commands\Server\rewrite.php(47): require_once('C:\\xampp\\htdocs\\Pemrograman-Web-2\\project-root\\public\\index.php')
CRITICAL - 2024-05-06 05:29:53 --> ErrorException: Undefined variable $csrf_field
in APPPATH\Views\books\create.php on line 9.
 1 APPPATH\Views\books\create.php(9): CodeIgniter\Debug\Exceptions->errorHandler(2, 'Undefined variable $csrf_field', 'C:\\xampp\\htdocs\\Pemrograman-Web-2\\project-root\\app\\Views\\books\\create.php', 9)
 2 SYSTEMPATH\View\View.php(228): include('C:\\xampp\\htdocs\\Pemrograman-Web-2\\project-root\\app\\Views\\books\\create.php')
 3 SYSTEMPATH\View\View.php(231): CodeIgniter\View\View->CodeIgniter\View\{closure}()
 4 SYSTEMPATH\Common.php(1178): CodeIgniter\View\View->render('books/create', [], true)
 5 APPPATH\Controllers\Books.php(49): view('books/create', [...])
 6 SYSTEMPATH\CodeIgniter.php(941): App\Controllers\Books->create()
 7 SYSTEMPATH\CodeIgniter.php(502): CodeIgniter\CodeIgniter->runController(Object(App\Controllers\Books))
 8 SYSTEMPATH\CodeIgniter.php(361): CodeIgniter\CodeIgniter->handleRequest(null, Object(Config\Cache), false)
 9 FCPATH\index.php(79): CodeIgniter\CodeIgniter->run()
10 SYSTEMPATH\Commands\Server\rewrite.php(47): require_once('C:\\xampp\\htdocs\\Pemrograman-Web-2\\project-root\\public\\index.php')
CRITICAL - 2024-05-06 05:29:53 --> ErrorException: Undefined variable $csrf_field
in APPPATH\Views\books\create.php on line 9.
 1 APPPATH\Views\books\create.php(9): CodeIgniter\Debug\Exceptions->errorHandler(2, 'Undefined variable $csrf_field', 'C:\\xampp\\htdocs\\Pemrograman-Web-2\\project-root\\app\\Views\\books\\create.php', 9)
 2 SYSTEMPATH\View\View.php(228): include('C:\\xampp\\htdocs\\Pemrograman-Web-2\\project-root\\app\\Views\\books\\create.php')
 3 SYSTEMPATH\View\View.php(231): CodeIgniter\View\View->CodeIgniter\View\{closure}()
 4 SYSTEMPATH\Common.php(1178): CodeIgniter\View\View->render('books/create', [], true)
 5 APPPATH\Controllers\Books.php(49): view('books/create', [...])
 6 SYSTEMPATH\CodeIgniter.php(941): App\Controllers\Books->create()
 7 SYSTEMPATH\CodeIgniter.php(502): CodeIgniter\CodeIgniter->runController(Object(App\Controllers\Books))
 8 SYSTEMPATH\CodeIgniter.php(361): CodeIgniter\CodeIgniter->handleRequest(null, Object(Config\Cache), false)
 9 FCPATH\index.php(79): CodeIgniter\CodeIgniter->run()
10 SYSTEMPATH\Commands\Server\rewrite.php(47): require_once('C:\\xampp\\htdocs\\Pemrograman-Web-2\\project-root\\public\\index.php')
CRITICAL - 2024-05-06 05:29:53 --> ErrorException: Undefined variable $csrf_field
in APPPATH\Views\books\create.php on line 9.
 1 APPPATH\Views\books\create.php(9): CodeIgniter\Debug\Exceptions->errorHandler(2, 'Undefined variable $csrf_field', 'C:\\xampp\\htdocs\\Pemrograman-Web-2\\project-root\\app\\Views\\books\\create.php', 9)
 2 SYSTEMPATH\View\View.php(228): include('C:\\xampp\\htdocs\\Pemrograman-Web-2\\project-root\\app\\Views\\books\\create.php')
 3 SYSTEMPATH\View\View.php(231): CodeIgniter\View\View->CodeIgniter\View\{closure}()
 4 SYSTEMPATH\Common.php(1178): CodeIgniter\View\View->render('books/create', [], true)
 5 APPPATH\Controllers\Books.php(49): view('books/create', [...])
 6 SYSTEMPATH\CodeIgniter.php(941): App\Controllers\Books->create()
 7 SYSTEMPATH\CodeIgniter.php(502): CodeIgniter\CodeIgniter->runController(Object(App\Controllers\Books))
 8 SYSTEMPATH\CodeIgniter.php(361): CodeIgniter\CodeIgniter->handleRequest(null, Object(Config\Cache), false)
 9 FCPATH\index.php(79): CodeIgniter\CodeIgniter->run()
10 SYSTEMPATH\Commands\Server\rewrite.php(47): require_once('C:\\xampp\\htdocs\\Pemrograman-Web-2\\project-root\\public\\index.php')
CRITICAL - 2024-05-06 05:29:54 --> ErrorException: Undefined variable $csrf_field
in APPPATH\Views\books\create.php on line 9.
 1 APPPATH\Views\books\create.php(9): CodeIgniter\Debug\Exceptions->errorHandler(2, 'Undefined variable $csrf_field', 'C:\\xampp\\htdocs\\Pemrograman-Web-2\\project-root\\app\\Views\\books\\create.php', 9)
 2 SYSTEMPATH\View\View.php(228): include('C:\\xampp\\htdocs\\Pemrograman-Web-2\\project-root\\app\\Views\\books\\create.php')
 3 SYSTEMPATH\View\View.php(231): CodeIgniter\View\View->CodeIgniter\View\{closure}()
 4 SYSTEMPATH\Common.php(1178): CodeIgniter\View\View->render('books/create', [], true)
 5 APPPATH\Controllers\Books.php(49): view('books/create', [...])
 6 SYSTEMPATH\CodeIgniter.php(941): App\Controllers\Books->create()
 7 SYSTEMPATH\CodeIgniter.php(502): CodeIgniter\CodeIgniter->runController(Object(App\Controllers\Books))
 8 SYSTEMPATH\CodeIgniter.php(361): CodeIgniter\CodeIgniter->handleRequest(null, Object(Config\Cache), false)
 9 FCPATH\index.php(79): CodeIgniter\CodeIgniter->run()
10 SYSTEMPATH\Commands\Server\rewrite.php(47): require_once('C:\\xampp\\htdocs\\Pemrograman-Web-2\\project-root\\public\\index.php')
CRITICAL - 2024-05-06 05:29:54 --> ErrorException: Undefined variable $csrf_field
in APPPATH\Views\books\create.php on line 9.
 1 APPPATH\Views\books\create.php(9): CodeIgniter\Debug\Exceptions->errorHandler(2, 'Undefined variable $csrf_field', 'C:\\xampp\\htdocs\\Pemrograman-Web-2\\project-root\\app\\Views\\books\\create.php', 9)
 2 SYSTEMPATH\View\View.php(228): include('C:\\xampp\\htdocs\\Pemrograman-Web-2\\project-root\\app\\Views\\books\\create.php')
 3 SYSTEMPATH\View\View.php(231): CodeIgniter\View\View->CodeIgniter\View\{closure}()
 4 SYSTEMPATH\Common.php(1178): CodeIgniter\View\View->render('books/create', [], true)
 5 APPPATH\Controllers\Books.php(49): view('books/create', [...])
 6 SYSTEMPATH\CodeIgniter.php(941): App\Controllers\Books->create()
 7 SYSTEMPATH\CodeIgniter.php(502): CodeIgniter\CodeIgniter->runController(Object(App\Controllers\Books))
 8 SYSTEMPATH\CodeIgniter.php(361): CodeIgniter\CodeIgniter->handleRequest(null, Object(Config\Cache), false)
 9 FCPATH\index.php(79): CodeIgniter\CodeIgniter->run()
10 SYSTEMPATH\Commands\Server\rewrite.php(47): require_once('C:\\xampp\\htdocs\\Pemrograman-Web-2\\project-root\\public\\index.php')
CRITICAL - 2024-05-06 05:29:54 --> ErrorException: Undefined variable $csrf_field
in APPPATH\Views\books\create.php on line 9.
 1 APPPATH\Views\books\create.php(9): CodeIgniter\Debug\Exceptions->errorHandler(2, 'Undefined variable $csrf_field', 'C:\\xampp\\htdocs\\Pemrograman-Web-2\\project-root\\app\\Views\\books\\create.php', 9)
 2 SYSTEMPATH\View\View.php(228): include('C:\\xampp\\htdocs\\Pemrograman-Web-2\\project-root\\app\\Views\\books\\create.php')
 3 SYSTEMPATH\View\View.php(231): CodeIgniter\View\View->CodeIgniter\View\{closure}()
 4 SYSTEMPATH\Common.php(1178): CodeIgniter\View\View->render('books/create', [], true)
 5 APPPATH\Controllers\Books.php(49): view('books/create', [...])
 6 SYSTEMPATH\CodeIgniter.php(941): App\Controllers\Books->create()
 7 SYSTEMPATH\CodeIgniter.php(502): CodeIgniter\CodeIgniter->runController(Object(App\Controllers\Books))
 8 SYSTEMPATH\CodeIgniter.php(361): CodeIgniter\CodeIgniter->handleRequest(null, Object(Config\Cache), false)
 9 FCPATH\index.php(79): CodeIgniter\CodeIgniter->run()
10 SYSTEMPATH\Commands\Server\rewrite.php(47): require_once('C:\\xampp\\htdocs\\Pemrograman-Web-2\\project-root\\public\\index.php')
CRITICAL - 2024-05-06 05:29:54 --> ErrorException: Undefined variable $csrf_field
in APPPATH\Views\books\create.php on line 9.
 1 APPPATH\Views\books\create.php(9): CodeIgniter\Debug\Exceptions->errorHandler(2, 'Undefined variable $csrf_field', 'C:\\xampp\\htdocs\\Pemrograman-Web-2\\project-root\\app\\Views\\books\\create.php', 9)
 2 SYSTEMPATH\View\View.php(228): include('C:\\xampp\\htdocs\\Pemrograman-Web-2\\project-root\\app\\Views\\books\\create.php')
 3 SYSTEMPATH\View\View.php(231): CodeIgniter\View\View->CodeIgniter\View\{closure}()
 4 SYSTEMPATH\Common.php(1178): CodeIgniter\View\View->render('books/create', [], true)
 5 APPPATH\Controllers\Books.php(49): view('books/create', [...])
 6 SYSTEMPATH\CodeIgniter.php(941): App\Controllers\Books->create()
 7 SYSTEMPATH\CodeIgniter.php(502): CodeIgniter\CodeIgniter->runController(Object(App\Controllers\Books))
 8 SYSTEMPATH\CodeIgniter.php(361): CodeIgniter\CodeIgniter->handleRequest(null, Object(Config\Cache), false)
 9 FCPATH\index.php(79): CodeIgniter\CodeIgniter->run()
10 SYSTEMPATH\Commands\Server\rewrite.php(47): require_once('C:\\xampp\\htdocs\\Pemrograman-Web-2\\project-root\\public\\index.php')
CRITICAL - 2024-05-06 05:29:54 --> ErrorException: Undefined variable $csrf_field
in APPPATH\Views\books\create.php on line 9.
 1 APPPATH\Views\books\create.php(9): CodeIgniter\Debug\Exceptions->errorHandler(2, 'Undefined variable $csrf_field', 'C:\\xampp\\htdocs\\Pemrograman-Web-2\\project-root\\app\\Views\\books\\create.php', 9)
 2 SYSTEMPATH\View\View.php(228): include('C:\\xampp\\htdocs\\Pemrograman-Web-2\\project-root\\app\\Views\\books\\create.php')
 3 SYSTEMPATH\View\View.php(231): CodeIgniter\View\View->CodeIgniter\View\{closure}()
 4 SYSTEMPATH\Common.php(1178): CodeIgniter\View\View->render('books/create', [], true)
 5 APPPATH\Controllers\Books.php(49): view('books/create', [...])
 6 SYSTEMPATH\CodeIgniter.php(941): App\Controllers\Books->create()
 7 SYSTEMPATH\CodeIgniter.php(502): CodeIgniter\CodeIgniter->runController(Object(App\Controllers\Books))
 8 SYSTEMPATH\CodeIgniter.php(361): CodeIgniter\CodeIgniter->handleRequest(null, Object(Config\Cache), false)
 9 FCPATH\index.php(79): CodeIgniter\CodeIgniter->run()
10 SYSTEMPATH\Commands\Server\rewrite.php(47): require_once('C:\\xampp\\htdocs\\Pemrograman-Web-2\\project-root\\public\\index.php')
CRITICAL - 2024-05-06 05:29:55 --> ErrorException: Undefined variable $csrf_field
in APPPATH\Views\books\create.php on line 9.
 1 APPPATH\Views\books\create.php(9): CodeIgniter\Debug\Exceptions->errorHandler(2, 'Undefined variable $csrf_field', 'C:\\xampp\\htdocs\\Pemrograman-Web-2\\project-root\\app\\Views\\books\\create.php', 9)
 2 SYSTEMPATH\View\View.php(228): include('C:\\xampp\\htdocs\\Pemrograman-Web-2\\project-root\\app\\Views\\books\\create.php')
 3 SYSTEMPATH\View\View.php(231): CodeIgniter\View\View->CodeIgniter\View\{closure}()
 4 SYSTEMPATH\Common.php(1178): CodeIgniter\View\View->render('books/create', [], true)
 5 APPPATH\Controllers\Books.php(49): view('books/create', [...])
 6 SYSTEMPATH\CodeIgniter.php(941): App\Controllers\Books->create()
 7 SYSTEMPATH\CodeIgniter.php(502): CodeIgniter\CodeIgniter->runController(Object(App\Controllers\Books))
 8 SYSTEMPATH\CodeIgniter.php(361): CodeIgniter\CodeIgniter->handleRequest(null, Object(Config\Cache), false)
 9 FCPATH\index.php(79): CodeIgniter\CodeIgniter->run()
10 SYSTEMPATH\Commands\Server\rewrite.php(47): require_once('C:\\xampp\\htdocs\\Pemrograman-Web-2\\project-root\\public\\index.php')
CRITICAL - 2024-05-06 05:32:06 --> ErrorException: Undefined variable $csrf_field
in APPPATH\Views\books\create.php on line 9.
 1 APPPATH\Views\books\create.php(9): CodeIgniter\Debug\Exceptions->errorHandler(2, 'Undefined variable $csrf_field', 'C:\\xampp\\htdocs\\Pemrograman-Web-2\\project-root\\app\\Views\\books\\create.php', 9)
 2 SYSTEMPATH\View\View.php(228): include('C:\\xampp\\htdocs\\Pemrograman-Web-2\\project-root\\app\\Views\\books\\create.php')
 3 SYSTEMPATH\View\View.php(231): CodeIgniter\View\View->CodeIgniter\View\{closure}()
 4 SYSTEMPATH\Common.php(1178): CodeIgniter\View\View->render('books/create', [], true)
 5 APPPATH\Controllers\Books.php(49): view('books/create', [...])
 6 SYSTEMPATH\CodeIgniter.php(941): App\Controllers\Books->create()
 7 SYSTEMPATH\CodeIgniter.php(502): CodeIgniter\CodeIgniter->runController(Object(App\Controllers\Books))
 8 SYSTEMPATH\CodeIgniter.php(361): CodeIgniter\CodeIgniter->handleRequest(null, Object(Config\Cache), false)
 9 FCPATH\index.php(79): CodeIgniter\CodeIgniter->run()
10 SYSTEMPATH\Commands\Server\rewrite.php(47): require_once('C:\\xampp\\htdocs\\Pemrograman-Web-2\\project-root\\public\\index.php')
CRITICAL - 2024-05-06 05:32:06 --> ErrorException: Undefined variable $csrf_field
in APPPATH\Views\books\create.php on line 9.
 1 APPPATH\Views\books\create.php(9): CodeIgniter\Debug\Exceptions->errorHandler(2, 'Undefined variable $csrf_field', 'C:\\xampp\\htdocs\\Pemrograman-Web-2\\project-root\\app\\Views\\books\\create.php', 9)
 2 SYSTEMPATH\View\View.php(228): include('C:\\xampp\\htdocs\\Pemrograman-Web-2\\project-root\\app\\Views\\books\\create.php')
 3 SYSTEMPATH\View\View.php(231): CodeIgniter\View\View->CodeIgniter\View\{closure}()
 4 SYSTEMPATH\Common.php(1178): CodeIgniter\View\View->render('books/create', [], true)
 5 APPPATH\Controllers\Books.php(49): view('books/create', [...])
 6 SYSTEMPATH\CodeIgniter.php(941): App\Controllers\Books->create()
 7 SYSTEMPATH\CodeIgniter.php(502): CodeIgniter\CodeIgniter->runController(Object(App\Controllers\Books))
 8 SYSTEMPATH\CodeIgniter.php(361): CodeIgniter\CodeIgniter->handleRequest(null, Object(Config\Cache), false)
 9 FCPATH\index.php(79): CodeIgniter\CodeIgniter->run()
10 SYSTEMPATH\Commands\Server\rewrite.php(47): require_once('C:\\xampp\\htdocs\\Pemrograman-Web-2\\project-root\\public\\index.php')
INFO - 2024-05-06 05:32:51 --> Session: Class initialized using 'CodeIgniter\Session\Handlers\FileHandler' driver.
INFO - 2024-05-06 05:33:31 --> CSRF token verified.
INFO - 2024-05-06 05:33:31 --> Session: Class initialized using 'CodeIgniter\Session\Handlers\FileHandler' driver.
INFO - 2024-05-06 05:33:31 --> Session: Class initialized using 'CodeIgniter\Session\Handlers\FileHandler' driver.
INFO - 2024-05-06 05:33:36 --> Session: Class initialized using 'CodeIgniter\Session\Handlers\FileHandler' driver.
INFO - 2024-05-06 05:33:47 --> Session: Class initialized using 'CodeIgniter\Session\Handlers\FileHandler' driver.
INFO - 2024-05-06 05:33:52 --> Session: Class initialized using 'CodeIgniter\Session\Handlers\FileHandler' driver.
INFO - 2024-05-06 05:33:53 --> Session: Class initialized using 'CodeIgniter\Session\Handlers\FileHandler' driver.
INFO - 2024-05-06 05:33:53 --> Session: Class initialized using 'CodeIgniter\Session\Handlers\FileHandler' driver.
INFO - 2024-05-06 05:33:54 --> Session: Class initialized using 'CodeIgniter\Session\Handlers\FileHandler' driver.
INFO - 2024-05-06 05:34:00 --> Session: Class initialized using 'CodeIgniter\Session\Handlers\FileHandler' driver.
INFO - 2024-05-06 05:34:04 --> Session: Class initialized using 'CodeIgniter\Session\Handlers\FileHandler' driver.
INFO - 2024-05-06 05:34:06 --> Session: Class initialized using 'CodeIgniter\Session\Handlers\FileHandler' driver.
INFO - 2024-05-06 05:34:06 --> Session: Class initialized using 'CodeIgniter\Session\Handlers\FileHandler' driver.
INFO - 2024-05-06 05:34:41 --> Session: Class initialized using 'CodeIgniter\Session\Handlers\FileHandler' driver.
INFO - 2024-05-06 05:34:46 --> Session: Class initialized using 'CodeIgniter\Session\Handlers\FileHandler' driver.
INFO - 2024-05-06 05:34:56 --> Session: Class initialized using 'CodeIgniter\Session\Handlers\FileHandler' driver.
INFO - 2024-05-06 05:34:58 --> Session: Class initialized using 'CodeIgniter\Session\Handlers\FileHandler' driver.
INFO - 2024-05-06 05:35:06 --> Session: Class initialized using 'CodeIgniter\Session\Handlers\FileHandler' driver.
INFO - 2024-05-06 05:35:14 --> Session: Class initialized using 'CodeIgniter\Session\Handlers\FileHandler' driver.
INFO - 2024-05-06 05:35:15 --> Session: Class initialized using 'CodeIgniter\Session\Handlers\FileHandler' driver.
INFO - 2024-05-06 05:35:31 --> Session: Class initialized using 'CodeIgniter\Session\Handlers\FileHandler' driver.
INFO - 2024-05-06 05:35:39 --> CSRF token verified.
INFO - 2024-05-06 05:35:39 --> Session: Class initialized using 'CodeIgniter\Session\Handlers\FileHandler' driver.
INFO - 2024-05-06 05:35:40 --> Session: Class initialized using 'CodeIgniter\Session\Handlers\FileHandler' driver.
INFO - 2024-05-06 05:36:47 --> Session: Class initialized using 'CodeIgniter\Session\Handlers\FileHandler' driver.
INFO - 2024-05-06 05:36:57 --> CSRF token verified.
INFO - 2024-05-06 05:36:57 --> Session: Class initialized using 'CodeIgniter\Session\Handlers\FileHandler' driver.
INFO - 2024-05-06 05:36:57 --> Session: Class initialized using 'CodeIgniter\Session\Handlers\FileHandler' driver.
INFO - 2024-05-06 05:38:11 --> Session: Class initialized using 'CodeIgniter\Session\Handlers\FileHandler' driver.
INFO - 2024-05-06 05:38:17 --> Session: Class initialized using 'CodeIgniter\Session\Handlers\FileHandler' driver.
INFO - 2024-05-06 05:38:18 --> Session: Class initialized using 'CodeIgniter\Session\Handlers\FileHandler' driver.
INFO - 2024-05-06 05:40:21 --> Session: Class initialized using 'CodeIgniter\Session\Handlers\FileHandler' driver.
INFO - 2024-05-06 05:40:24 --> Session: Class initialized using 'CodeIgniter\Session\Handlers\FileHandler' driver.
INFO - 2024-05-06 05:40:25 --> Session: Class initialized using 'CodeIgniter\Session\Handlers\FileHandler' driver.
INFO - 2024-05-06 05:40:38 --> Session: Class initialized using 'CodeIgniter\Session\Handlers\FileHandler' driver.
INFO - 2024-05-06 05:40:40 --> Session: Class initialized using 'CodeIgniter\Session\Handlers\FileHandler' driver.
INFO - 2024-05-06 05:41:56 --> Session: Class initialized using 'CodeIgniter\Session\Handlers\FileHandler' driver.
INFO - 2024-05-06 05:41:58 --> Session: Class initialized using 'CodeIgniter\Session\Handlers\FileHandler' driver.
INFO - 2024-05-06 05:43:15 --> Session: Class initialized using 'CodeIgniter\Session\Handlers\FileHandler' driver.
INFO - 2024-05-06 05:43:16 --> Session: Class initialized using 'CodeIgniter\Session\Handlers\FileHandler' driver.
INFO - 2024-05-06 05:43:17 --> Session: Class initialized using 'CodeIgniter\Session\Handlers\FileHandler' driver.
INFO - 2024-05-06 05:43:19 --> Session: Class initialized using 'CodeIgniter\Session\Handlers\FileHandler' driver.
INFO - 2024-05-06 05:43:22 --> Session: Class initialized using 'CodeIgniter\Session\Handlers\FileHandler' driver.
INFO - 2024-05-06 05:43:23 --> Session: Class initialized using 'CodeIgniter\Session\Handlers\FileHandler' driver.
INFO - 2024-05-06 05:58:28 --> Session: Class initialized using 'CodeIgniter\Session\Handlers\FileHandler' driver.
INFO - 2024-05-06 05:58:31 --> Session: Class initialized using 'CodeIgniter\Session\Handlers\FileHandler' driver.
INFO - 2024-05-06 05:58:32 --> Session: Class initialized using 'CodeIgniter\Session\Handlers\FileHandler' driver.
INFO - 2024-05-06 05:58:36 --> Session: Class initialized using 'CodeIgniter\Session\Handlers\FileHandler' driver.
INFO - 2024-05-06 05:58:36 --> Session: Class initialized using 'CodeIgniter\Session\Handlers\FileHandler' driver.
INFO - 2024-05-06 05:58:37 --> Session: Class initialized using 'CodeIgniter\Session\Handlers\FileHandler' driver.
INFO - 2024-05-06 05:58:37 --> Session: Class initialized using 'CodeIgniter\Session\Handlers\FileHandler' driver.
INFO - 2024-05-06 05:59:26 --> Session: Class initialized using 'CodeIgniter\Session\Handlers\FileHandler' driver.
INFO - 2024-05-06 05:59:28 --> Session: Class initialized using 'CodeIgniter\Session\Handlers\FileHandler' driver.
INFO - 2024-05-06 05:59:29 --> Session: Class initialized using 'CodeIgniter\Session\Handlers\FileHandler' driver.
INFO - 2024-05-06 05:59:33 --> Session: Class initialized using 'CodeIgniter\Session\Handlers\FileHandler' driver.
INFO - 2024-05-06 05:59:37 --> Session: Class initialized using 'CodeIgniter\Session\Handlers\FileHandler' driver.
INFO - 2024-05-06 06:00:02 --> Session: Class initialized using 'CodeIgniter\Session\Handlers\FileHandler' driver.
INFO - 2024-05-06 06:00:04 --> Session: Class initialized using 'CodeIgniter\Session\Handlers\FileHandler' driver.
INFO - 2024-05-06 06:00:06 --> Session: Class initialized using 'CodeIgniter\Session\Handlers\FileHandler' driver.
INFO - 2024-05-06 06:00:07 --> Session: Class initialized using 'CodeIgniter\Session\Handlers\FileHandler' driver.
INFO - 2024-05-06 06:00:08 --> Session: Class initialized using 'CodeIgniter\Session\Handlers\FileHandler' driver.
INFO - 2024-05-06 06:00:19 --> Session: Class initialized using 'CodeIgniter\Session\Handlers\FileHandler' driver.
INFO - 2024-05-06 06:00:19 --> Session: Class initialized using 'CodeIgniter\Session\Handlers\FileHandler' driver.
INFO - 2024-05-06 06:00:21 --> Session: Class initialized using 'CodeIgniter\Session\Handlers\FileHandler' driver.
INFO - 2024-05-06 06:03:22 --> Session: Class initialized using 'CodeIgniter\Session\Handlers\FileHandler' driver.
INFO - 2024-05-06 06:03:23 --> Session: Class initialized using 'CodeIgniter\Session\Handlers\FileHandler' driver.
INFO - 2024-05-06 06:03:26 --> Session: Class initialized using 'CodeIgniter\Session\Handlers\FileHandler' driver.
INFO - 2024-05-06 06:03:27 --> Session: Class initialized using 'CodeIgniter\Session\Handlers\FileHandler' driver.
INFO - 2024-05-06 06:11:30 --> Session: Class initialized using 'CodeIgniter\Session\Handlers\FileHandler' driver.
INFO - 2024-05-06 06:11:30 --> Session: Class initialized using 'CodeIgniter\Session\Handlers\FileHandler' driver.
INFO - 2024-05-06 06:11:40 --> Session: Class initialized using 'CodeIgniter\Session\Handlers\FileHandler' driver.
INFO - 2024-05-06 06:11:53 --> Session: Class initialized using 'CodeIgniter\Session\Handlers\FileHandler' driver.
INFO - 2024-05-06 06:11:57 --> Session: Class initialized using 'CodeIgniter\Session\Handlers\FileHandler' driver.
INFO - 2024-05-06 06:12:00 --> Session: Class initialized using 'CodeIgniter\Session\Handlers\FileHandler' driver.
INFO - 2024-05-06 06:12:01 --> Session: Class initialized using 'CodeIgniter\Session\Handlers\FileHandler' driver.
